{"/Users/mauroociappina/Desktop/Proyectos/mvpcotizaxion/mvpcotizacion/backend/src/index.ts": {"path":"/Users/mauroociappina/Desktop/Proyectos/mvpcotizaxion/mvpcotizacion/backend/src/index.ts","statementMap":{"0":{"start":{"line":1,"column":0},"end":{"line":1,"column":30}},"1":{"start":{"line":2,"column":0},"end":{"line":2,"column":24}},"2":{"start":{"line":3,"column":0},"end":{"line":3,"column":28}},"3":{"start":{"line":4,"column":0},"end":{"line":4,"column":46}},"4":{"start":{"line":5,"column":0},"end":{"line":5,"column":45}},"5":{"start":{"line":6,"column":0},"end":{"line":6,"column":45}},"6":{"start":{"line":7,"column":0},"end":{"line":7,"column":51}},"7":{"start":{"line":10,"column":0},"end":{"line":10,"column":16}},"8":{"start":{"line":13,"column":12},"end":{"line":13,"column":21}},"9":{"start":{"line":14,"column":13},"end":{"line":14,"column":37}},"10":{"start":{"line":17,"column":13},"end":{"line":17,"column":41}},"11":{"start":{"line":20,"column":0},"end":{"line":20,"column":16}},"12":{"start":{"line":21,"column":0},"end":{"line":21,"column":24}},"13":{"start":{"line":22,"column":0},"end":{"line":22,"column":48}},"14":{"start":{"line":25,"column":0},"end":{"line":27,"column":3}},"15":{"start":{"line":26,"column":2},"end":{"line":26,"column":48}},"16":{"start":{"line":30,"column":0},"end":{"line":30,"column":33}},"17":{"start":{"line":31,"column":0},"end":{"line":31,"column":34}},"18":{"start":{"line":32,"column":0},"end":{"line":32,"column":40}},"19":{"start":{"line":39,"column":0},"end":{"line":46,"column":3}},"20":{"start":{"line":40,"column":21},"end":{"line":40,"column":42}},"21":{"start":{"line":41,"column":2},"end":{"line":41,"column":40}},"22":{"start":{"line":42,"column":2},"end":{"line":45,"column":5}},"23":{"start":{"line":49,"column":0},"end":{"line":51,"column":3}},"24":{"start":{"line":50,"column":2},"end":{"line":50,"column":60}},"25":{"start":{"line":54,"column":0},"end":{"line":58,"column":3}},"26":{"start":{"line":54,"column":32},"end":{"line":58,"column":2}},"27":{"start":{"line":55,"column":2},"end":{"line":55,"column":29}},"28":{"start":{"line":56,"column":2},"end":{"line":56,"column":44}},"29":{"start":{"line":57,"column":2},"end":{"line":57,"column":18}}},"fnMap":{"0":{"name":"(anonymous_8)","decl":{"start":{"line":25,"column":13},"end":{"line":25,"column":14}},"loc":{"start":{"line":25,"column":26},"end":{"line":27,"column":1}}},"1":{"name":"(anonymous_9)","decl":{"start":{"line":39,"column":8},"end":{"line":39,"column":9}},"loc":{"start":{"line":39,"column":94},"end":{"line":46,"column":1}}},"2":{"name":"(anonymous_10)","decl":{"start":{"line":49,"column":17},"end":{"line":49,"column":20}},"loc":{"start":{"line":49,"column":22},"end":{"line":51,"column":1}}},"3":{"name":"(anonymous_11)","decl":{"start":{"line":54,"column":21},"end":{"line":54,"column":30}},"loc":{"start":{"line":54,"column":32},"end":{"line":58,"column":2}}},"4":{"name":"(anonymous_12)","decl":{"start":{"line":54,"column":32},"end":{"line":54,"column":null}},"loc":{"start":{"line":54,"column":32},"end":{"line":58,"column":1}}}},"branchMap":{"0":{"loc":{"start":{"line":14,"column":13},"end":{"line":14,"column":37}},"type":"binary-expr","locations":[{"start":{"line":14,"column":13},"end":{"line":14,"column":29}},{"start":{"line":14,"column":33},"end":{"line":14,"column":37}}]},"1":{"loc":{"start":{"line":40,"column":21},"end":{"line":40,"column":42}},"type":"binary-expr","locations":[{"start":{"line":40,"column":21},"end":{"line":40,"column":35}},{"start":{"line":40,"column":39},"end":{"line":40,"column":42}}]},"2":{"loc":{"start":{"line":44,"column":11},"end":{"line":44,"column":67}},"type":"cond-expr","locations":[{"start":{"line":44,"column":51},"end":{"line":44,"column":55}},{"start":{"line":44,"column":58},"end":{"line":44,"column":67}}]}},"s":{"0":0,"1":0,"2":0,"3":0,"4":0,"5":0,"6":0,"7":0,"8":0,"9":0,"10":0,"11":0,"12":0,"13":0,"14":0,"15":0,"16":0,"17":0,"18":0,"19":0,"20":0,"21":0,"22":0,"23":0,"24":0,"25":0,"26":0,"27":0,"28":0,"29":0},"f":{"0":0,"1":0,"2":0,"3":0,"4":0},"b":{"0":[0,0],"1":[0,0],"2":[0,0]}}
,"/Users/mauroociappina/Desktop/Proyectos/mvpcotizaxion/mvpcotizacion/backend/src/controllers/authController.ts": {"path":"/Users/mauroociappina/Desktop/Proyectos/mvpcotizaxion/mvpcotizacion/backend/src/controllers/authController.ts","statementMap":{"0":{"start":{"line":2,"column":0},"end":{"line":2,"column":34}},"1":{"start":{"line":3,"column":0},"end":{"line":3,"column":33}},"2":{"start":{"line":4,"column":0},"end":{"line":4,"column":36}},"3":{"start":{"line":7,"column":21},"end":{"line":11,"column":1}},"4":{"start":{"line":8,"column":15},"end":{"line":8,"column":53}},"5":{"start":{"line":9,"column":15},"end":{"line":9,"column":84}},"6":{"start":{"line":10,"column":2},"end":{"line":10,"column":27}},"7":{"start":{"line":14,"column":23},"end":{"line":18,"column":1}},"8":{"start":{"line":15,"column":29},"end":{"line":15,"column":54}},"9":{"start":{"line":16,"column":15},"end":{"line":16,"column":84}},"10":{"start":{"line":17,"column":2},"end":{"line":17,"column":29}},"11":{"start":{"line":21,"column":24},"end":{"line":68,"column":2}},"12":{"start":{"line":21,"column":62},"end":{"line":68,"column":2}},"13":{"start":{"line":22,"column":2},"end":{"line":67,"column":3}},"14":{"start":{"line":23,"column":38},"end":{"line":23,"column":46}},"15":{"start":{"line":26,"column":25},"end":{"line":28,"column":6}},"16":{"start":{"line":30,"column":4},"end":{"line":32,"column":5}},"17":{"start":{"line":31,"column":6},"end":{"line":31,"column":84}},"18":{"start":{"line":35,"column":27},"end":{"line":35,"column":49}},"19":{"start":{"line":38,"column":17},"end":{"line":51,"column":6}},"20":{"start":{"line":54,"column":18},"end":{"line":57,"column":null}},"21":{"start":{"line":60,"column":4},"end":{"line":63,"column":7}},"22":{"start":{"line":65,"column":4},"end":{"line":65,"column":52}},"23":{"start":{"line":66,"column":4},"end":{"line":66,"column":63}},"24":{"start":{"line":21,"column":13},"end":{"line":21,"column":24}},"25":{"start":{"line":71,"column":21},"end":{"line":115,"column":2}},"26":{"start":{"line":71,"column":59},"end":{"line":115,"column":2}},"27":{"start":{"line":72,"column":2},"end":{"line":114,"column":3}},"28":{"start":{"line":73,"column":32},"end":{"line":73,"column":40}},"29":{"start":{"line":76,"column":17},"end":{"line":78,"column":6}},"30":{"start":{"line":80,"column":4},"end":{"line":82,"column":5}},"31":{"start":{"line":81,"column":6},"end":{"line":81,"column":68}},"32":{"start":{"line":85,"column":28},"end":{"line":85,"column":67}},"33":{"start":{"line":87,"column":4},"end":{"line":89,"column":5}},"34":{"start":{"line":88,"column":6},"end":{"line":88,"column":68}},"35":{"start":{"line":92,"column":18},"end":{"line":95,"column":null}},"36":{"start":{"line":99,"column":21},"end":{"line":105,"column":6}},"37":{"start":{"line":107,"column":4},"end":{"line":110,"column":7}},"38":{"start":{"line":112,"column":4},"end":{"line":112,"column":46}},"39":{"start":{"line":113,"column":4},"end":{"line":113,"column":55}},"40":{"start":{"line":71,"column":13},"end":{"line":71,"column":21}},"41":{"start":{"line":118,"column":26},"end":{"line":147,"column":2}},"42":{"start":{"line":118,"column":64},"end":{"line":147,"column":2}},"43":{"start":{"line":119,"column":2},"end":{"line":146,"column":3}},"44":{"start":{"line":121,"column":19},"end":{"line":121,"column":35}},"45":{"start":{"line":123,"column":4},"end":{"line":125,"column":5}},"46":{"start":{"line":124,"column":6},"end":{"line":124,"column":61}},"47":{"start":{"line":127,"column":17},"end":{"line":136,"column":6}},"48":{"start":{"line":138,"column":4},"end":{"line":140,"column":5}},"49":{"start":{"line":139,"column":6},"end":{"line":139,"column":63}},"50":{"start":{"line":142,"column":4},"end":{"line":142,"column":19}},"51":{"start":{"line":144,"column":4},"end":{"line":144,"column":52}},"52":{"start":{"line":145,"column":4},"end":{"line":145,"column":63}},"53":{"start":{"line":118,"column":13},"end":{"line":118,"column":26}}},"fnMap":{"0":{"name":"(anonymous_16)","decl":{"start":{"line":7,"column":21},"end":{"line":7,"column":22}},"loc":{"start":{"line":7,"column":50},"end":{"line":11,"column":1}}},"1":{"name":"(anonymous_17)","decl":{"start":{"line":14,"column":23},"end":{"line":14,"column":24}},"loc":{"start":{"line":14,"column":77},"end":{"line":18,"column":1}}},"2":{"name":"(anonymous_18)","decl":{"start":{"line":21,"column":24},"end":{"line":21,"column":31}},"loc":{"start":{"line":21,"column":62},"end":{"line":68,"column":2}}},"3":{"name":"(anonymous_19)","decl":{"start":{"line":21,"column":62},"end":{"line":21,"column":null}},"loc":{"start":{"line":21,"column":62},"end":{"line":68,"column":1}}},"4":{"name":"(anonymous_20)","decl":{"start":{"line":71,"column":21},"end":{"line":71,"column":28}},"loc":{"start":{"line":71,"column":59},"end":{"line":115,"column":2}}},"5":{"name":"(anonymous_21)","decl":{"start":{"line":71,"column":59},"end":{"line":71,"column":null}},"loc":{"start":{"line":71,"column":59},"end":{"line":115,"column":1}}},"6":{"name":"(anonymous_22)","decl":{"start":{"line":118,"column":26},"end":{"line":118,"column":33}},"loc":{"start":{"line":118,"column":64},"end":{"line":147,"column":2}}},"7":{"name":"(anonymous_23)","decl":{"start":{"line":118,"column":64},"end":{"line":118,"column":null}},"loc":{"start":{"line":118,"column":64},"end":{"line":147,"column":1}}}},"branchMap":{"0":{"loc":{"start":{"line":30,"column":4},"end":{"line":32,"column":5}},"type":"if","locations":[{"start":{"line":30,"column":4},"end":{"line":32,"column":5}}]},"1":{"loc":{"start":{"line":56,"column":6},"end":{"line":56,"column":49}},"type":"binary-expr","locations":[{"start":{"line":56,"column":6},"end":{"line":56,"column":28}},{"start":{"line":56,"column":32},"end":{"line":56,"column":49}}]},"2":{"loc":{"start":{"line":80,"column":4},"end":{"line":82,"column":5}},"type":"if","locations":[{"start":{"line":80,"column":4},"end":{"line":82,"column":5}}]},"3":{"loc":{"start":{"line":80,"column":8},"end":{"line":80,"column":31}},"type":"binary-expr","locations":[{"start":{"line":80,"column":8},"end":{"line":80,"column":13}},{"start":{"line":80,"column":17},"end":{"line":80,"column":31}}]},"4":{"loc":{"start":{"line":87,"column":4},"end":{"line":89,"column":5}},"type":"if","locations":[{"start":{"line":87,"column":4},"end":{"line":89,"column":5}}]},"5":{"loc":{"start":{"line":94,"column":6},"end":{"line":94,"column":49}},"type":"binary-expr","locations":[{"start":{"line":94,"column":6},"end":{"line":94,"column":28}},{"start":{"line":94,"column":32},"end":{"line":94,"column":49}}]},"6":{"loc":{"start":{"line":121,"column":19},"end":{"line":121,"column":35}},"type":"cond-expr","locations":[{"start":{"line":121,"column":27},"end":{"line":121,"column":29}},{"start":{"line":121,"column":27},"end":{"line":121,"column":35}}]},"7":{"loc":{"start":{"line":121,"column":19},"end":{"line":121,"column":29}},"type":"binary-expr","locations":[{"start":{"line":121,"column":19},"end":{"line":121,"column":29}},{"start":{"line":121,"column":27},"end":{"line":121,"column":29}}]},"8":{"loc":{"start":{"line":123,"column":4},"end":{"line":125,"column":5}},"type":"if","locations":[{"start":{"line":123,"column":4},"end":{"line":125,"column":5}}]},"9":{"loc":{"start":{"line":138,"column":4},"end":{"line":140,"column":5}},"type":"if","locations":[{"start":{"line":138,"column":4},"end":{"line":140,"column":5}}]}},"s":{"0":1,"1":1,"2":1,"3":1,"4":1,"5":1,"6":1,"7":1,"8":0,"9":0,"10":0,"11":1,"12":2,"13":2,"14":2,"15":2,"16":2,"17":1,"18":1,"19":1,"20":1,"21":1,"22":0,"23":0,"24":1,"25":1,"26":2,"27":2,"28":2,"29":2,"30":2,"31":2,"32":0,"33":0,"34":0,"35":0,"36":0,"37":0,"38":0,"39":0,"40":1,"41":1,"42":3,"43":3,"44":3,"45":3,"46":1,"47":2,"48":2,"49":1,"50":1,"51":0,"52":0,"53":1},"f":{"0":1,"1":0,"2":2,"3":2,"4":2,"5":2,"6":3,"7":3},"b":{"0":[1],"1":[1,1],"2":[2],"3":[2,1],"4":[0],"5":[0,0],"6":[1,2],"7":[3,3],"8":[1],"9":[1]}}
,"/Users/mauroociappina/Desktop/Proyectos/mvpcotizaxion/mvpcotizacion/backend/src/controllers/projectController.ts": {"path":"/Users/mauroociappina/Desktop/Proyectos/mvpcotizaxion/mvpcotizacion/backend/src/controllers/projectController.ts","statementMap":{"0":{"start":{"line":2,"column":0},"end":{"line":2,"column":34}},"1":{"start":{"line":5,"column":30},"end":{"line":49,"column":2}},"2":{"start":{"line":5,"column":68},"end":{"line":49,"column":2}},"3":{"start":{"line":6,"column":2},"end":{"line":48,"column":3}},"4":{"start":{"line":8,"column":19},"end":{"line":8,"column":35}},"5":{"start":{"line":11,"column":21},"end":{"line":42,"column":6}},"6":{"start":{"line":44,"column":4},"end":{"line":44,"column":23}},"7":{"start":{"line":46,"column":4},"end":{"line":46,"column":53}},"8":{"start":{"line":47,"column":4},"end":{"line":47,"column":64}},"9":{"start":{"line":5,"column":13},"end":{"line":5,"column":30}},"10":{"start":{"line":52,"column":30},"end":{"line":119,"column":2}},"11":{"start":{"line":52,"column":68},"end":{"line":119,"column":2}},"12":{"start":{"line":53,"column":2},"end":{"line":118,"column":3}},"13":{"start":{"line":54,"column":19},"end":{"line":54,"column":29}},"14":{"start":{"line":56,"column":20},"end":{"line":97,"column":6}},"15":{"start":{"line":99,"column":4},"end":{"line":101,"column":5}},"16":{"start":{"line":100,"column":6},"end":{"line":100,"column":66}},"17":{"start":{"line":105,"column":19},"end":{"line":105,"column":35}},"18":{"start":{"line":106,"column":25},"end":{"line":107,"column":null}},"19":{"start":{"line":107,"column":44},"end":{"line":107,"column":69}},"20":{"start":{"line":110,"column":4},"end":{"line":112,"column":5}},"21":{"start":{"line":111,"column":6},"end":{"line":111,"column":62}},"22":{"start":{"line":114,"column":4},"end":{"line":114,"column":22}},"23":{"start":{"line":116,"column":4},"end":{"line":116,"column":52}},"24":{"start":{"line":117,"column":4},"end":{"line":117,"column":63}},"25":{"start":{"line":52,"column":13},"end":{"line":52,"column":30}},"26":{"start":{"line":122,"column":29},"end":{"line":164,"column":2}},"27":{"start":{"line":122,"column":67},"end":{"line":164,"column":2}},"28":{"start":{"line":123,"column":2},"end":{"line":163,"column":3}},"29":{"start":{"line":124,"column":62},"end":{"line":124,"column":70}},"30":{"start":{"line":128,"column":19},"end":{"line":128,"column":35}},"31":{"start":{"line":129,"column":17},"end":{"line":134,"column":6}},"32":{"start":{"line":136,"column":4},"end":{"line":138,"column":5}},"33":{"start":{"line":137,"column":6},"end":{"line":137,"column":63}},"34":{"start":{"line":140,"column":25},"end":{"line":140,"column":100}},"35":{"start":{"line":140,"column":75},"end":{"line":140,"column":99}},"36":{"start":{"line":141,"column":4},"end":{"line":143,"column":5}},"37":{"start":{"line":142,"column":6},"end":{"line":142,"column":82}},"38":{"start":{"line":146,"column":23},"end":{"line":157,"column":6}},"39":{"start":{"line":159,"column":4},"end":{"line":159,"column":37}},"40":{"start":{"line":161,"column":4},"end":{"line":161,"column":52}},"41":{"start":{"line":162,"column":4},"end":{"line":162,"column":64}},"42":{"start":{"line":122,"column":13},"end":{"line":122,"column":29}},"43":{"start":{"line":167,"column":29},"end":{"line":216,"column":2}},"44":{"start":{"line":167,"column":67},"end":{"line":216,"column":2}},"45":{"start":{"line":168,"column":2},"end":{"line":215,"column":3}},"46":{"start":{"line":169,"column":19},"end":{"line":169,"column":29}},"47":{"start":{"line":170,"column":62},"end":{"line":170,"column":70}},"48":{"start":{"line":173,"column":20},"end":{"line":182,"column":6}},"49":{"start":{"line":184,"column":4},"end":{"line":186,"column":5}},"50":{"start":{"line":185,"column":6},"end":{"line":185,"column":66}},"51":{"start":{"line":190,"column":19},"end":{"line":190,"column":35}},"52":{"start":{"line":191,"column":25},"end":{"line":192,"column":null}},"53":{"start":{"line":192,"column":38},"end":{"line":192,"column":62}},"54":{"start":{"line":195,"column":4},"end":{"line":197,"column":5}},"55":{"start":{"line":196,"column":6},"end":{"line":196,"column":62}},"56":{"start":{"line":200,"column":27},"end":{"line":209,"column":6}},"57":{"start":{"line":211,"column":4},"end":{"line":211,"column":29}},"58":{"start":{"line":213,"column":4},"end":{"line":213,"column":52}},"59":{"start":{"line":214,"column":4},"end":{"line":214,"column":64}},"60":{"start":{"line":167,"column":13},"end":{"line":167,"column":29}},"61":{"start":{"line":219,"column":29},"end":{"line":265,"column":2}},"62":{"start":{"line":219,"column":67},"end":{"line":265,"column":2}},"63":{"start":{"line":220,"column":2},"end":{"line":264,"column":3}},"64":{"start":{"line":221,"column":19},"end":{"line":221,"column":29}},"65":{"start":{"line":224,"column":20},"end":{"line":233,"column":6}},"66":{"start":{"line":235,"column":4},"end":{"line":237,"column":5}},"67":{"start":{"line":236,"column":6},"end":{"line":236,"column":66}},"68":{"start":{"line":241,"column":19},"end":{"line":241,"column":35}},"69":{"start":{"line":242,"column":27},"end":{"line":243,"column":null}},"70":{"start":{"line":243,"column":38},"end":{"line":243,"column":62}},"71":{"start":{"line":246,"column":4},"end":{"line":248,"column":5}},"72":{"start":{"line":247,"column":6},"end":{"line":247,"column":62}},"73":{"start":{"line":251,"column":4},"end":{"line":253,"column":5}},"74":{"start":{"line":252,"column":6},"end":{"line":252,"column":85}},"75":{"start":{"line":256,"column":4},"end":{"line":258,"column":7}},"76":{"start":{"line":260,"column":4},"end":{"line":260,"column":27}},"77":{"start":{"line":262,"column":4},"end":{"line":262,"column":52}},"78":{"start":{"line":263,"column":4},"end":{"line":263,"column":64}},"79":{"start":{"line":219,"column":13},"end":{"line":219,"column":29}}},"fnMap":{"0":{"name":"(anonymous_7)","decl":{"start":{"line":5,"column":30},"end":{"line":5,"column":37}},"loc":{"start":{"line":5,"column":68},"end":{"line":49,"column":2}}},"1":{"name":"(anonymous_8)","decl":{"start":{"line":5,"column":68},"end":{"line":5,"column":null}},"loc":{"start":{"line":5,"column":68},"end":{"line":49,"column":1}}},"2":{"name":"(anonymous_9)","decl":{"start":{"line":52,"column":30},"end":{"line":52,"column":37}},"loc":{"start":{"line":52,"column":68},"end":{"line":119,"column":2}}},"3":{"name":"(anonymous_10)","decl":{"start":{"line":52,"column":68},"end":{"line":52,"column":null}},"loc":{"start":{"line":52,"column":68},"end":{"line":119,"column":1}}},"4":{"name":"(anonymous_11)","decl":{"start":{"line":107,"column":6},"end":{"line":107,"column":7}},"loc":{"start":{"line":107,"column":44},"end":{"line":107,"column":69}}},"5":{"name":"(anonymous_12)","decl":{"start":{"line":122,"column":29},"end":{"line":122,"column":36}},"loc":{"start":{"line":122,"column":67},"end":{"line":164,"column":2}}},"6":{"name":"(anonymous_13)","decl":{"start":{"line":122,"column":67},"end":{"line":122,"column":null}},"loc":{"start":{"line":122,"column":67},"end":{"line":164,"column":1}}},"7":{"name":"(anonymous_14)","decl":{"start":{"line":140,"column":43},"end":{"line":140,"column":44}},"loc":{"start":{"line":140,"column":75},"end":{"line":140,"column":99}}},"8":{"name":"(anonymous_15)","decl":{"start":{"line":167,"column":29},"end":{"line":167,"column":36}},"loc":{"start":{"line":167,"column":67},"end":{"line":216,"column":2}}},"9":{"name":"(anonymous_16)","decl":{"start":{"line":167,"column":67},"end":{"line":167,"column":null}},"loc":{"start":{"line":167,"column":67},"end":{"line":216,"column":1}}},"10":{"name":"(anonymous_17)","decl":{"start":{"line":192,"column":6},"end":{"line":192,"column":7}},"loc":{"start":{"line":192,"column":38},"end":{"line":192,"column":62}}},"11":{"name":"(anonymous_18)","decl":{"start":{"line":219,"column":29},"end":{"line":219,"column":36}},"loc":{"start":{"line":219,"column":67},"end":{"line":265,"column":2}}},"12":{"name":"(anonymous_19)","decl":{"start":{"line":219,"column":67},"end":{"line":219,"column":null}},"loc":{"start":{"line":219,"column":67},"end":{"line":265,"column":1}}},"13":{"name":"(anonymous_20)","decl":{"start":{"line":243,"column":6},"end":{"line":243,"column":7}},"loc":{"start":{"line":243,"column":38},"end":{"line":243,"column":62}}}},"branchMap":{"0":{"loc":{"start":{"line":8,"column":19},"end":{"line":8,"column":35}},"type":"cond-expr","locations":[{"start":{"line":8,"column":27},"end":{"line":8,"column":29}},{"start":{"line":8,"column":27},"end":{"line":8,"column":35}}]},"1":{"loc":{"start":{"line":8,"column":19},"end":{"line":8,"column":29}},"type":"binary-expr","locations":[{"start":{"line":8,"column":19},"end":{"line":8,"column":29}},{"start":{"line":8,"column":27},"end":{"line":8,"column":29}}]},"2":{"loc":{"start":{"line":99,"column":4},"end":{"line":101,"column":5}},"type":"if","locations":[{"start":{"line":99,"column":4},"end":{"line":101,"column":5}}]},"3":{"loc":{"start":{"line":105,"column":19},"end":{"line":105,"column":35}},"type":"cond-expr","locations":[{"start":{"line":105,"column":27},"end":{"line":105,"column":29}},{"start":{"line":105,"column":27},"end":{"line":105,"column":35}}]},"4":{"loc":{"start":{"line":105,"column":19},"end":{"line":105,"column":29}},"type":"binary-expr","locations":[{"start":{"line":105,"column":19},"end":{"line":105,"column":29}},{"start":{"line":105,"column":27},"end":{"line":105,"column":29}}]},"5":{"loc":{"start":{"line":110,"column":4},"end":{"line":112,"column":5}},"type":"if","locations":[{"start":{"line":110,"column":4},"end":{"line":112,"column":5}}]},"6":{"loc":{"start":{"line":128,"column":19},"end":{"line":128,"column":35}},"type":"cond-expr","locations":[{"start":{"line":128,"column":27},"end":{"line":128,"column":29}},{"start":{"line":128,"column":27},"end":{"line":128,"column":35}}]},"7":{"loc":{"start":{"line":128,"column":19},"end":{"line":128,"column":29}},"type":"binary-expr","locations":[{"start":{"line":128,"column":19},"end":{"line":128,"column":29}},{"start":{"line":128,"column":27},"end":{"line":128,"column":29}}]},"8":{"loc":{"start":{"line":136,"column":4},"end":{"line":138,"column":5}},"type":"if","locations":[{"start":{"line":136,"column":4},"end":{"line":138,"column":5}}]},"9":{"loc":{"start":{"line":141,"column":4},"end":{"line":143,"column":5}},"type":"if","locations":[{"start":{"line":141,"column":4},"end":{"line":143,"column":5}}]},"10":{"loc":{"start":{"line":150,"column":19},"end":{"line":150,"column":62}},"type":"cond-expr","locations":[{"start":{"line":150,"column":31},"end":{"line":150,"column":50}},{"start":{"line":150,"column":53},"end":{"line":150,"column":62}}]},"11":{"loc":{"start":{"line":151,"column":17},"end":{"line":151,"column":56}},"type":"cond-expr","locations":[{"start":{"line":151,"column":27},"end":{"line":151,"column":44}},{"start":{"line":151,"column":47},"end":{"line":151,"column":56}}]},"12":{"loc":{"start":{"line":184,"column":4},"end":{"line":186,"column":5}},"type":"if","locations":[{"start":{"line":184,"column":4},"end":{"line":186,"column":5}}]},"13":{"loc":{"start":{"line":190,"column":19},"end":{"line":190,"column":35}},"type":"cond-expr","locations":[{"start":{"line":190,"column":27},"end":{"line":190,"column":29}},{"start":{"line":190,"column":27},"end":{"line":190,"column":35}}]},"14":{"loc":{"start":{"line":190,"column":19},"end":{"line":190,"column":29}},"type":"binary-expr","locations":[{"start":{"line":190,"column":19},"end":{"line":190,"column":29}},{"start":{"line":190,"column":27},"end":{"line":190,"column":29}}]},"15":{"loc":{"start":{"line":195,"column":4},"end":{"line":197,"column":5}},"type":"if","locations":[{"start":{"line":195,"column":4},"end":{"line":197,"column":5}}]},"16":{"loc":{"start":{"line":206,"column":19},"end":{"line":206,"column":62}},"type":"cond-expr","locations":[{"start":{"line":206,"column":31},"end":{"line":206,"column":50}},{"start":{"line":206,"column":53},"end":{"line":206,"column":62}}]},"17":{"loc":{"start":{"line":207,"column":17},"end":{"line":207,"column":56}},"type":"cond-expr","locations":[{"start":{"line":207,"column":27},"end":{"line":207,"column":44}},{"start":{"line":207,"column":47},"end":{"line":207,"column":56}}]},"18":{"loc":{"start":{"line":235,"column":4},"end":{"line":237,"column":5}},"type":"if","locations":[{"start":{"line":235,"column":4},"end":{"line":237,"column":5}}]},"19":{"loc":{"start":{"line":241,"column":19},"end":{"line":241,"column":35}},"type":"cond-expr","locations":[{"start":{"line":241,"column":27},"end":{"line":241,"column":29}},{"start":{"line":241,"column":27},"end":{"line":241,"column":35}}]},"20":{"loc":{"start":{"line":241,"column":19},"end":{"line":241,"column":29}},"type":"binary-expr","locations":[{"start":{"line":241,"column":19},"end":{"line":241,"column":29}},{"start":{"line":241,"column":27},"end":{"line":241,"column":29}}]},"21":{"loc":{"start":{"line":246,"column":4},"end":{"line":248,"column":5}},"type":"if","locations":[{"start":{"line":246,"column":4},"end":{"line":248,"column":5}}]},"22":{"loc":{"start":{"line":251,"column":4},"end":{"line":253,"column":5}},"type":"if","locations":[{"start":{"line":251,"column":4},"end":{"line":253,"column":5}}]}},"s":{"0":0,"1":0,"2":0,"3":0,"4":0,"5":0,"6":0,"7":0,"8":0,"9":0,"10":0,"11":0,"12":0,"13":0,"14":0,"15":0,"16":0,"17":0,"18":0,"19":0,"20":0,"21":0,"22":0,"23":0,"24":0,"25":0,"26":0,"27":0,"28":0,"29":0,"30":0,"31":0,"32":0,"33":0,"34":0,"35":0,"36":0,"37":0,"38":0,"39":0,"40":0,"41":0,"42":0,"43":0,"44":0,"45":0,"46":0,"47":0,"48":0,"49":0,"50":0,"51":0,"52":0,"53":0,"54":0,"55":0,"56":0,"57":0,"58":0,"59":0,"60":0,"61":0,"62":0,"63":0,"64":0,"65":0,"66":0,"67":0,"68":0,"69":0,"70":0,"71":0,"72":0,"73":0,"74":0,"75":0,"76":0,"77":0,"78":0,"79":0},"f":{"0":0,"1":0,"2":0,"3":0,"4":0,"5":0,"6":0,"7":0,"8":0,"9":0,"10":0,"11":0,"12":0,"13":0},"b":{"0":[0,0],"1":[0,0],"2":[0],"3":[0,0],"4":[0,0],"5":[0],"6":[0,0],"7":[0,0],"8":[0],"9":[0],"10":[0,0],"11":[0,0],"12":[0],"13":[0,0],"14":[0,0],"15":[0],"16":[0,0],"17":[0,0],"18":[0],"19":[0,0],"20":[0,0],"21":[0],"22":[0]}}
,"/Users/mauroociappina/Desktop/Proyectos/mvpcotizaxion/mvpcotizacion/backend/src/controllers/taskController.ts": {"path":"/Users/mauroociappina/Desktop/Proyectos/mvpcotizaxion/mvpcotizacion/backend/src/controllers/taskController.ts","statementMap":{"0":{"start":{"line":2,"column":0},"end":{"line":2,"column":34}},"1":{"start":{"line":5,"column":27},"end":{"line":30,"column":2}},"2":{"start":{"line":5,"column":65},"end":{"line":30,"column":2}},"3":{"start":{"line":6,"column":2},"end":{"line":29,"column":3}},"4":{"start":{"line":7,"column":18},"end":{"line":23,"column":6}},"5":{"start":{"line":25,"column":4},"end":{"line":25,"column":20}},"6":{"start":{"line":27,"column":4},"end":{"line":27,"column":50}},"7":{"start":{"line":28,"column":4},"end":{"line":28,"column":61}},"8":{"start":{"line":5,"column":13},"end":{"line":5,"column":27}},"9":{"start":{"line":33,"column":27},"end":{"line":67,"column":2}},"10":{"start":{"line":33,"column":65},"end":{"line":67,"column":2}},"11":{"start":{"line":34,"column":2},"end":{"line":66,"column":3}},"12":{"start":{"line":35,"column":19},"end":{"line":35,"column":29}},"13":{"start":{"line":37,"column":17},"end":{"line":56,"column":6}},"14":{"start":{"line":58,"column":4},"end":{"line":60,"column":5}},"15":{"start":{"line":59,"column":6},"end":{"line":59,"column":63}},"16":{"start":{"line":62,"column":4},"end":{"line":62,"column":19}},"17":{"start":{"line":64,"column":4},"end":{"line":64,"column":49}},"18":{"start":{"line":65,"column":4},"end":{"line":65,"column":60}},"19":{"start":{"line":33,"column":13},"end":{"line":33,"column":27}},"20":{"start":{"line":70,"column":26},"end":{"line":97,"column":2}},"21":{"start":{"line":70,"column":64},"end":{"line":97,"column":2}},"22":{"start":{"line":71,"column":2},"end":{"line":96,"column":3}},"23":{"start":{"line":72,"column":110},"end":{"line":72,"column":118}},"24":{"start":{"line":75,"column":24},"end":{"line":75,"column":55}},"25":{"start":{"line":77,"column":20},"end":{"line":90,"column":6}},"26":{"start":{"line":92,"column":4},"end":{"line":92,"column":34}},"27":{"start":{"line":94,"column":4},"end":{"line":94,"column":49}},"28":{"start":{"line":95,"column":4},"end":{"line":95,"column":61}},"29":{"start":{"line":70,"column":13},"end":{"line":70,"column":26}},"30":{"start":{"line":100,"column":26},"end":{"line":125,"column":2}},"31":{"start":{"line":100,"column":64},"end":{"line":125,"column":2}},"32":{"start":{"line":101,"column":2},"end":{"line":124,"column":3}},"33":{"start":{"line":102,"column":19},"end":{"line":102,"column":29}},"34":{"start":{"line":103,"column":110},"end":{"line":103,"column":118}},"35":{"start":{"line":105,"column":24},"end":{"line":118,"column":6}},"36":{"start":{"line":120,"column":4},"end":{"line":120,"column":26}},"37":{"start":{"line":122,"column":4},"end":{"line":122,"column":49}},"38":{"start":{"line":123,"column":4},"end":{"line":123,"column":61}},"39":{"start":{"line":100,"column":13},"end":{"line":100,"column":26}},"40":{"start":{"line":128,"column":26},"end":{"line":141,"column":2}},"41":{"start":{"line":128,"column":64},"end":{"line":141,"column":2}},"42":{"start":{"line":129,"column":2},"end":{"line":140,"column":3}},"43":{"start":{"line":130,"column":19},"end":{"line":130,"column":29}},"44":{"start":{"line":132,"column":4},"end":{"line":134,"column":7}},"45":{"start":{"line":136,"column":4},"end":{"line":136,"column":27}},"46":{"start":{"line":138,"column":4},"end":{"line":138,"column":49}},"47":{"start":{"line":139,"column":4},"end":{"line":139,"column":61}},"48":{"start":{"line":128,"column":13},"end":{"line":128,"column":26}}},"fnMap":{"0":{"name":"(anonymous_7)","decl":{"start":{"line":5,"column":27},"end":{"line":5,"column":34}},"loc":{"start":{"line":5,"column":65},"end":{"line":30,"column":2}}},"1":{"name":"(anonymous_8)","decl":{"start":{"line":5,"column":65},"end":{"line":5,"column":null}},"loc":{"start":{"line":5,"column":65},"end":{"line":30,"column":1}}},"2":{"name":"(anonymous_9)","decl":{"start":{"line":33,"column":27},"end":{"line":33,"column":34}},"loc":{"start":{"line":33,"column":65},"end":{"line":67,"column":2}}},"3":{"name":"(anonymous_10)","decl":{"start":{"line":33,"column":65},"end":{"line":33,"column":null}},"loc":{"start":{"line":33,"column":65},"end":{"line":67,"column":1}}},"4":{"name":"(anonymous_11)","decl":{"start":{"line":70,"column":26},"end":{"line":70,"column":33}},"loc":{"start":{"line":70,"column":64},"end":{"line":97,"column":2}}},"5":{"name":"(anonymous_12)","decl":{"start":{"line":70,"column":64},"end":{"line":70,"column":null}},"loc":{"start":{"line":70,"column":64},"end":{"line":97,"column":1}}},"6":{"name":"(anonymous_13)","decl":{"start":{"line":100,"column":26},"end":{"line":100,"column":33}},"loc":{"start":{"line":100,"column":64},"end":{"line":125,"column":2}}},"7":{"name":"(anonymous_14)","decl":{"start":{"line":100,"column":64},"end":{"line":100,"column":null}},"loc":{"start":{"line":100,"column":64},"end":{"line":125,"column":1}}},"8":{"name":"(anonymous_15)","decl":{"start":{"line":128,"column":26},"end":{"line":128,"column":33}},"loc":{"start":{"line":128,"column":64},"end":{"line":141,"column":2}}},"9":{"name":"(anonymous_16)","decl":{"start":{"line":128,"column":64},"end":{"line":128,"column":null}},"loc":{"start":{"line":128,"column":64},"end":{"line":141,"column":1}}}},"branchMap":{"0":{"loc":{"start":{"line":58,"column":4},"end":{"line":60,"column":5}},"type":"if","locations":[{"start":{"line":58,"column":4},"end":{"line":60,"column":5}}]},"1":{"loc":{"start":{"line":75,"column":24},"end":{"line":75,"column":55}},"type":"binary-expr","locations":[{"start":{"line":75,"column":24},"end":{"line":75,"column":44}},{"start":{"line":75,"column":48},"end":{"line":75,"column":55}}]},"2":{"loc":{"start":{"line":83,"column":17},"end":{"line":83,"column":56}},"type":"cond-expr","locations":[{"start":{"line":83,"column":27},"end":{"line":83,"column":44}},{"start":{"line":83,"column":47},"end":{"line":83,"column":56}}]},"3":{"loc":{"start":{"line":84,"column":17},"end":{"line":84,"column":71}},"type":"cond-expr","locations":[{"start":{"line":84,"column":29},"end":{"line":84,"column":59}},{"start":{"line":84,"column":62},"end":{"line":84,"column":71}}]},"4":{"loc":{"start":{"line":85,"column":15},"end":{"line":85,"column":65}},"type":"cond-expr","locations":[{"start":{"line":85,"column":25},"end":{"line":85,"column":53}},{"start":{"line":85,"column":56},"end":{"line":85,"column":65}}]},"5":{"loc":{"start":{"line":86,"column":20},"end":{"line":86,"column":80}},"type":"cond-expr","locations":[{"start":{"line":86,"column":35},"end":{"line":86,"column":68}},{"start":{"line":86,"column":71},"end":{"line":86,"column":80}}]},"6":{"loc":{"start":{"line":87,"column":20},"end":{"line":87,"column":80}},"type":"cond-expr","locations":[{"start":{"line":87,"column":35},"end":{"line":87,"column":68}},{"start":{"line":87,"column":71},"end":{"line":87,"column":80}}]},"7":{"loc":{"start":{"line":112,"column":17},"end":{"line":112,"column":56}},"type":"cond-expr","locations":[{"start":{"line":112,"column":27},"end":{"line":112,"column":44}},{"start":{"line":112,"column":47},"end":{"line":112,"column":56}}]},"8":{"loc":{"start":{"line":113,"column":17},"end":{"line":113,"column":71}},"type":"cond-expr","locations":[{"start":{"line":113,"column":29},"end":{"line":113,"column":59}},{"start":{"line":113,"column":62},"end":{"line":113,"column":71}}]},"9":{"loc":{"start":{"line":114,"column":15},"end":{"line":114,"column":65}},"type":"cond-expr","locations":[{"start":{"line":114,"column":25},"end":{"line":114,"column":53}},{"start":{"line":114,"column":56},"end":{"line":114,"column":65}}]},"10":{"loc":{"start":{"line":115,"column":20},"end":{"line":115,"column":80}},"type":"cond-expr","locations":[{"start":{"line":115,"column":35},"end":{"line":115,"column":68}},{"start":{"line":115,"column":71},"end":{"line":115,"column":80}}]},"11":{"loc":{"start":{"line":116,"column":20},"end":{"line":116,"column":80}},"type":"cond-expr","locations":[{"start":{"line":116,"column":35},"end":{"line":116,"column":68}},{"start":{"line":116,"column":71},"end":{"line":116,"column":80}}]}},"s":{"0":0,"1":0,"2":0,"3":0,"4":0,"5":0,"6":0,"7":0,"8":0,"9":0,"10":0,"11":0,"12":0,"13":0,"14":0,"15":0,"16":0,"17":0,"18":0,"19":0,"20":0,"21":0,"22":0,"23":0,"24":0,"25":0,"26":0,"27":0,"28":0,"29":0,"30":0,"31":0,"32":0,"33":0,"34":0,"35":0,"36":0,"37":0,"38":0,"39":0,"40":0,"41":0,"42":0,"43":0,"44":0,"45":0,"46":0,"47":0,"48":0},"f":{"0":0,"1":0,"2":0,"3":0,"4":0,"5":0,"6":0,"7":0,"8":0,"9":0},"b":{"0":[0],"1":[0,0],"2":[0,0],"3":[0,0],"4":[0,0],"5":[0,0],"6":[0,0],"7":[0,0],"8":[0,0],"9":[0,0],"10":[0,0],"11":[0,0]}}
,"/Users/mauroociappina/Desktop/Proyectos/mvpcotizaxion/mvpcotizacion/backend/src/middleware/authMiddleware.ts": {"path":"/Users/mauroociappina/Desktop/Proyectos/mvpcotizaxion/mvpcotizacion/backend/src/middleware/authMiddleware.ts","statementMap":{"0":{"start":{"line":2,"column":0},"end":{"line":2,"column":31}},"1":{"start":{"line":16,"column":28},"end":{"line":39,"column":1}},"2":{"start":{"line":17,"column":2},"end":{"line":38,"column":3}},"3":{"start":{"line":19,"column":23},"end":{"line":19,"column":48}},"4":{"start":{"line":21,"column":4},"end":{"line":23,"column":5}},"5":{"start":{"line":22,"column":6},"end":{"line":22,"column":72}},"6":{"start":{"line":25,"column":18},"end":{"line":25,"column":42}},"7":{"start":{"line":28,"column":20},"end":{"line":28,"column":104}},"8":{"start":{"line":31,"column":4},"end":{"line":31,"column":42}},"9":{"start":{"line":34,"column":4},"end":{"line":34,"column":11}},"10":{"start":{"line":36,"column":4},"end":{"line":36,"column":50}},"11":{"start":{"line":37,"column":4},"end":{"line":37,"column":60}},"12":{"start":{"line":16,"column":13},"end":{"line":16,"column":28}}},"fnMap":{"0":{"name":"(anonymous_1)","decl":{"start":{"line":16,"column":28},"end":{"line":16,"column":29}},"loc":{"start":{"line":16,"column":80},"end":{"line":39,"column":1}}}},"branchMap":{"0":{"loc":{"start":{"line":21,"column":4},"end":{"line":23,"column":5}},"type":"if","locations":[{"start":{"line":21,"column":4},"end":{"line":23,"column":5}}]},"1":{"loc":{"start":{"line":21,"column":8},"end":{"line":21,"column":56}},"type":"binary-expr","locations":[{"start":{"line":21,"column":8},"end":{"line":21,"column":19}},{"start":{"line":21,"column":23},"end":{"line":21,"column":56}}]},"2":{"loc":{"start":{"line":28,"column":38},"end":{"line":28,"column":81}},"type":"binary-expr","locations":[{"start":{"line":28,"column":38},"end":{"line":28,"column":60}},{"start":{"line":28,"column":64},"end":{"line":28,"column":81}}]}},"s":{"0":1,"1":1,"2":4,"3":4,"4":4,"5":2,"6":2,"7":2,"8":1,"9":1,"10":1,"11":1,"12":1},"f":{"0":4},"b":{"0":[2],"1":[4,3],"2":[2,2]}}
,"/Users/mauroociappina/Desktop/Proyectos/mvpcotizaxion/mvpcotizacion/backend/src/routes/authRoutes.ts": {"path":"/Users/mauroociappina/Desktop/Proyectos/mvpcotizaxion/mvpcotizacion/backend/src/routes/authRoutes.ts","statementMap":{"0":{"start":{"line":1,"column":0},"end":{"line":1,"column":30}},"1":{"start":{"line":2,"column":0},"end":{"line":2,"column":76}},"2":{"start":{"line":3,"column":0},"end":{"line":3,"column":53}},"3":{"start":{"line":4,"column":0},"end":{"line":4,"column":60}},"4":{"start":{"line":6,"column":15},"end":{"line":6,"column":31}},"5":{"start":{"line":9,"column":0},"end":{"line":9,"column":49}},"6":{"start":{"line":12,"column":0},"end":{"line":12,"column":43}},"7":{"start":{"line":15,"column":0},"end":{"line":15,"column":89}},"8":{"start":{"line":17,"column":0},"end":{"line":17,"column":22}}},"fnMap":{},"branchMap":{},"s":{"0":0,"1":0,"2":0,"3":0,"4":0,"5":0,"6":0,"7":0,"8":0},"f":{},"b":{}}
,"/Users/mauroociappina/Desktop/Proyectos/mvpcotizaxion/mvpcotizacion/backend/src/routes/projectRoutes.ts": {"path":"/Users/mauroociappina/Desktop/Proyectos/mvpcotizaxion/mvpcotizacion/backend/src/routes/projectRoutes.ts","statementMap":{"0":{"start":{"line":1,"column":0},"end":{"line":1,"column":30}},"1":{"start":{"line":2,"column":0},"end":{"line":2,"column":127}},"2":{"start":{"line":3,"column":0},"end":{"line":3,"column":53}},"3":{"start":{"line":4,"column":0},"end":{"line":4,"column":60}},"4":{"start":{"line":6,"column":15},"end":{"line":6,"column":31}},"5":{"start":{"line":9,"column":0},"end":{"line":9,"column":51}},"6":{"start":{"line":12,"column":0},"end":{"line":12,"column":46}},"7":{"start":{"line":15,"column":0},"end":{"line":15,"column":49}},"8":{"start":{"line":18,"column":0},"end":{"line":18,"column":46}},"9":{"start":{"line":21,"column":0},"end":{"line":21,"column":48}},"10":{"start":{"line":24,"column":0},"end":{"line":24,"column":51}},"11":{"start":{"line":26,"column":0},"end":{"line":26,"column":22}}},"fnMap":{},"branchMap":{},"s":{"0":0,"1":0,"2":0,"3":0,"4":0,"5":0,"6":0,"7":0,"8":0,"9":0,"10":0,"11":0},"f":{},"b":{}}
,"/Users/mauroociappina/Desktop/Proyectos/mvpcotizaxion/mvpcotizacion/backend/src/routes/taskRoutes.ts": {"path":"/Users/mauroociappina/Desktop/Proyectos/mvpcotizaxion/mvpcotizacion/backend/src/routes/taskRoutes.ts","statementMap":{"0":{"start":{"line":1,"column":0},"end":{"line":1,"column":30}},"1":{"start":{"line":2,"column":0},"end":{"line":2,"column":109}},"2":{"start":{"line":3,"column":0},"end":{"line":3,"column":53}},"3":{"start":{"line":5,"column":15},"end":{"line":5,"column":31}},"4":{"start":{"line":8,"column":0},"end":{"line":8,"column":43}},"5":{"start":{"line":11,"column":0},"end":{"line":11,"column":46}},"6":{"start":{"line":14,"column":0},"end":{"line":14,"column":43}},"7":{"start":{"line":17,"column":0},"end":{"line":17,"column":45}},"8":{"start":{"line":20,"column":0},"end":{"line":20,"column":48}},"9":{"start":{"line":22,"column":0},"end":{"line":22,"column":22}}},"fnMap":{},"branchMap":{},"s":{"0":0,"1":0,"2":0,"3":0,"4":0,"5":0,"6":0,"7":0,"8":0,"9":0},"f":{},"b":{}}
,"/Users/mauroociappina/Desktop/Proyectos/mvpcotizaxion/mvpcotizacion/backend/src/utils/asyncHandler.ts": {"path":"/Users/mauroociappina/Desktop/Proyectos/mvpcotizaxion/mvpcotizacion/backend/src/utils/asyncHandler.ts","statementMap":{"0":{"start":{"line":4,"column":28},"end":{"line":7,"column":3}},"1":{"start":{"line":5,"column":2},"end":{"line":7,"column":3}},"2":{"start":{"line":6,"column":4},"end":{"line":6,"column":52}},"3":{"start":{"line":4,"column":13},"end":{"line":4,"column":28}}},"fnMap":{"0":{"name":"(anonymous_0)","decl":{"start":{"line":4,"column":28},"end":{"line":4,"column":29}},"loc":{"start":{"line":5,"column":2},"end":{"line":7,"column":3}}},"1":{"name":"(anonymous_1)","decl":{"start":{"line":5,"column":2},"end":{"line":5,"column":3}},"loc":{"start":{"line":5,"column":54},"end":{"line":7,"column":3}}}},"branchMap":{},"s":{"0":1,"1":2,"2":2,"3":1},"f":{"0":2,"1":2},"b":{}}
}
