TN:
SF:src/index.ts
FN:25,(anonymous_8)
FN:39,(anonymous_9)
FN:49,(anonymous_10)
FN:54,(anonymous_11)
FN:54,(anonymous_12)
FNF:5
FNH:0
FNDA:0,(anonymous_8)
FNDA:0,(anonymous_9)
FNDA:0,(anonymous_10)
FNDA:0,(anonymous_11)
FNDA:0,(anonymous_12)
DA:1,0
DA:2,0
DA:3,0
DA:4,0
DA:5,0
DA:6,0
DA:7,0
DA:10,0
DA:13,0
DA:14,0
DA:17,0
DA:20,0
DA:21,0
DA:22,0
DA:25,0
DA:26,0
DA:30,0
DA:31,0
DA:32,0
DA:39,0
DA:40,0
DA:41,0
DA:42,0
DA:49,0
DA:50,0
DA:54,0
DA:55,0
DA:56,0
DA:57,0
LF:29
LH:0
BRDA:14,0,0,0
BRDA:14,0,1,0
BRDA:40,1,0,0
BRDA:40,1,1,0
BRDA:44,2,0,0
BRDA:44,2,1,0
BRF:6
BRH:0
end_of_record
TN:
SF:src/controllers/authController.ts
FN:7,(anonymous_16)
FN:14,(anonymous_17)
FN:21,(anonymous_18)
FN:21,(anonymous_19)
FN:71,(anonymous_20)
FN:71,(anonymous_21)
FN:118,(anonymous_22)
FN:118,(anonymous_23)
FNF:8
FNH:7
FNDA:1,(anonymous_16)
FNDA:0,(anonymous_17)
FNDA:2,(anonymous_18)
FNDA:2,(anonymous_19)
FNDA:2,(anonymous_20)
FNDA:2,(anonymous_21)
FNDA:3,(anonymous_22)
FNDA:3,(anonymous_23)
DA:2,1
DA:3,1
DA:4,1
DA:7,1
DA:8,1
DA:9,1
DA:10,1
DA:14,1
DA:15,0
DA:16,0
DA:17,0
DA:21,2
DA:22,2
DA:23,2
DA:26,2
DA:30,2
DA:31,1
DA:35,1
DA:38,1
DA:54,1
DA:60,1
DA:65,0
DA:66,0
DA:71,2
DA:72,2
DA:73,2
DA:76,2
DA:80,2
DA:81,2
DA:85,0
DA:87,0
DA:88,0
DA:92,0
DA:99,0
DA:107,0
DA:112,0
DA:113,0
DA:118,3
DA:119,3
DA:121,3
DA:123,3
DA:124,1
DA:127,2
DA:138,2
DA:139,1
DA:142,1
DA:144,0
DA:145,0
LF:48
LH:33
BRDA:30,0,0,1
BRDA:56,1,0,1
BRDA:56,1,1,1
BRDA:80,2,0,2
BRDA:80,3,0,2
BRDA:80,3,1,1
BRDA:87,4,0,0
BRDA:94,5,0,0
BRDA:94,5,1,0
BRDA:121,6,0,1
BRDA:121,6,1,2
BRDA:121,7,0,3
BRDA:121,7,1,3
BRDA:123,8,0,1
BRDA:138,9,0,1
BRF:15
BRH:12
end_of_record
TN:
SF:src/controllers/projectController.ts
FN:5,(anonymous_7)
FN:5,(anonymous_8)
FN:52,(anonymous_9)
FN:52,(anonymous_10)
FN:107,(anonymous_11)
FN:122,(anonymous_12)
FN:122,(anonymous_13)
FN:140,(anonymous_14)
FN:167,(anonymous_15)
FN:167,(anonymous_16)
FN:192,(anonymous_17)
FN:219,(anonymous_18)
FN:219,(anonymous_19)
FN:243,(anonymous_20)
FNF:14
FNH:0
FNDA:0,(anonymous_7)
FNDA:0,(anonymous_8)
FNDA:0,(anonymous_9)
FNDA:0,(anonymous_10)
FNDA:0,(anonymous_11)
FNDA:0,(anonymous_12)
FNDA:0,(anonymous_13)
FNDA:0,(anonymous_14)
FNDA:0,(anonymous_15)
FNDA:0,(anonymous_16)
FNDA:0,(anonymous_17)
FNDA:0,(anonymous_18)
FNDA:0,(anonymous_19)
FNDA:0,(anonymous_20)
DA:2,0
DA:5,0
DA:6,0
DA:8,0
DA:11,0
DA:44,0
DA:46,0
DA:47,0
DA:52,0
DA:53,0
DA:54,0
DA:56,0
DA:99,0
DA:100,0
DA:105,0
DA:106,0
DA:107,0
DA:110,0
DA:111,0
DA:114,0
DA:116,0
DA:117,0
DA:122,0
DA:123,0
DA:124,0
DA:128,0
DA:129,0
DA:136,0
DA:137,0
DA:140,0
DA:141,0
DA:142,0
DA:146,0
DA:159,0
DA:161,0
DA:162,0
DA:167,0
DA:168,0
DA:169,0
DA:170,0
DA:173,0
DA:184,0
DA:185,0
DA:190,0
DA:191,0
DA:192,0
DA:195,0
DA:196,0
DA:200,0
DA:211,0
DA:213,0
DA:214,0
DA:219,0
DA:220,0
DA:221,0
DA:224,0
DA:235,0
DA:236,0
DA:241,0
DA:242,0
DA:243,0
DA:246,0
DA:247,0
DA:251,0
DA:252,0
DA:256,0
DA:260,0
DA:262,0
DA:263,0
LF:69
LH:0
BRDA:8,0,0,0
BRDA:8,0,1,0
BRDA:8,1,0,0
BRDA:8,1,1,0
BRDA:99,2,0,0
BRDA:105,3,0,0
BRDA:105,3,1,0
BRDA:105,4,0,0
BRDA:105,4,1,0
BRDA:110,5,0,0
BRDA:128,6,0,0
BRDA:128,6,1,0
BRDA:128,7,0,0
BRDA:128,7,1,0
BRDA:136,8,0,0
BRDA:141,9,0,0
BRDA:150,10,0,0
BRDA:150,10,1,0
BRDA:151,11,0,0
BRDA:151,11,1,0
BRDA:184,12,0,0
BRDA:190,13,0,0
BRDA:190,13,1,0
BRDA:190,14,0,0
BRDA:190,14,1,0
BRDA:195,15,0,0
BRDA:206,16,0,0
BRDA:206,16,1,0
BRDA:207,17,0,0
BRDA:207,17,1,0
BRDA:235,18,0,0
BRDA:241,19,0,0
BRDA:241,19,1,0
BRDA:241,20,0,0
BRDA:241,20,1,0
BRDA:246,21,0,0
BRDA:251,22,0,0
BRF:37
BRH:0
end_of_record
TN:
SF:src/controllers/taskController.ts
FN:5,(anonymous_7)
FN:5,(anonymous_8)
FN:33,(anonymous_9)
FN:33,(anonymous_10)
FN:70,(anonymous_11)
FN:70,(anonymous_12)
FN:100,(anonymous_13)
FN:100,(anonymous_14)
FN:128,(anonymous_15)
FN:128,(anonymous_16)
FNF:10
FNH:0
FNDA:0,(anonymous_7)
FNDA:0,(anonymous_8)
FNDA:0,(anonymous_9)
FNDA:0,(anonymous_10)
FNDA:0,(anonymous_11)
FNDA:0,(anonymous_12)
FNDA:0,(anonymous_13)
FNDA:0,(anonymous_14)
FNDA:0,(anonymous_15)
FNDA:0,(anonymous_16)
DA:2,0
DA:5,0
DA:6,0
DA:7,0
DA:25,0
DA:27,0
DA:28,0
DA:33,0
DA:34,0
DA:35,0
DA:37,0
DA:58,0
DA:59,0
DA:62,0
DA:64,0
DA:65,0
DA:70,0
DA:71,0
DA:72,0
DA:75,0
DA:77,0
DA:92,0
DA:94,0
DA:95,0
DA:100,0
DA:101,0
DA:102,0
DA:103,0
DA:105,0
DA:120,0
DA:122,0
DA:123,0
DA:128,0
DA:129,0
DA:130,0
DA:132,0
DA:136,0
DA:138,0
DA:139,0
LF:39
LH:0
BRDA:58,0,0,0
BRDA:75,1,0,0
BRDA:75,1,1,0
BRDA:83,2,0,0
BRDA:83,2,1,0
BRDA:84,3,0,0
BRDA:84,3,1,0
BRDA:85,4,0,0
BRDA:85,4,1,0
BRDA:86,5,0,0
BRDA:86,5,1,0
BRDA:87,6,0,0
BRDA:87,6,1,0
BRDA:112,7,0,0
BRDA:112,7,1,0
BRDA:113,8,0,0
BRDA:113,8,1,0
BRDA:114,9,0,0
BRDA:114,9,1,0
BRDA:115,10,0,0
BRDA:115,10,1,0
BRDA:116,11,0,0
BRDA:116,11,1,0
BRF:23
BRH:0
end_of_record
TN:
SF:src/middleware/authMiddleware.ts
FN:16,(anonymous_1)
FNF:1
FNH:1
FNDA:4,(anonymous_1)
DA:2,1
DA:16,1
DA:17,4
DA:19,4
DA:21,4
DA:22,2
DA:25,2
DA:28,2
DA:31,1
DA:34,1
DA:36,1
DA:37,1
LF:12
LH:12
BRDA:21,0,0,2
BRDA:21,1,0,4
BRDA:21,1,1,3
BRDA:28,2,0,2
BRDA:28,2,1,2
BRF:5
BRH:5
end_of_record
TN:
SF:src/routes/authRoutes.ts
FNF:0
FNH:0
DA:1,0
DA:2,0
DA:3,0
DA:4,0
DA:6,0
DA:9,0
DA:12,0
DA:15,0
DA:17,0
LF:9
LH:0
BRF:0
BRH:0
end_of_record
TN:
SF:src/routes/projectRoutes.ts
FNF:0
FNH:0
DA:1,0
DA:2,0
DA:3,0
DA:4,0
DA:6,0
DA:9,0
DA:12,0
DA:15,0
DA:18,0
DA:21,0
DA:24,0
DA:26,0
LF:12
LH:0
BRF:0
BRH:0
end_of_record
TN:
SF:src/routes/taskRoutes.ts
FNF:0
FNH:0
DA:1,0
DA:2,0
DA:3,0
DA:5,0
DA:8,0
DA:11,0
DA:14,0
DA:17,0
DA:20,0
DA:22,0
LF:10
LH:0
BRF:0
BRH:0
end_of_record
TN:
SF:src/utils/asyncHandler.ts
FN:4,(anonymous_0)
FN:5,(anonymous_1)
FNF:2
FNH:2
FNDA:2,(anonymous_0)
FNDA:2,(anonymous_1)
DA:4,1
DA:5,2
DA:6,2
LF:3
LH:3
BRF:0
BRH:0
end_of_record
